<?xml version="1.0" encoding="UTF-8"?>
<!DOCTYPE coverage
SYSTEM "http://cobertura.sourceforge.net/xml/coverage-04.dtd">
<coverage line-rate="0.4688" branch-rate="0.2701" lines-covered="60" lines-valid="128" branches-covered="37" branches-valid="137" complexity="0" version="0.4" timestamp="1786714532">
  <sources>
    <source>D:/git/testo/testo</source>
  </sources>
  <packages>
    <package name="plugin/data/src" line-rate="0.5000" branch-rate="0.0000" complexity="0">
      <classes>
        <class name="MultipleResult" filename="plugin/data/src/MultipleResult.php" line-rate="1.0000" branch-rate="0.0000" complexity="0">
          <lines>
            <line number="25" hits="1"/>
            <line number="30" hits="1"/>
          </lines>
        </class>
        <class name="DataCross" filename="plugin/data/src/DataCross.php" line-rate="0.0000" branch-rate="0.0000" complexity="0">
          <lines>
            <line number="31" hits="0"/>
            <line number="32" hits="0"/>
          </lines>
        </class>
      </classes>
    </package>
    <package name="plugin/data/src/Internal" line-rate="0.4677" branch-rate="0.2761" complexity="0">
      <classes>
        <class name="DataProviderInterceptor" filename="plugin/data/src/Internal/DataProviderInterceptor.php" line-rate="0.4677" branch-rate="0.2761" complexity="0">
          <lines>
            <line number="40" hits="1"/>
            <line number="48" hits="1"/>
            <line number="50" hits="1"/>
            <line number="56" hits="1"/>
            <line number="58" hits="1"/>
            <line number="59" hits="1"/>
            <line number="62" hits="1"/>
            <line number="63" hits="1"/>
            <line number="66" hits="1"/>
            <line number="68" hits="1" branch="true" condition-coverage="75% (3/4)"/>
            <line number="69" hits="1" branch="true" condition-coverage="50% (1/2)"/>
            <line number="70" hits="0"/>
            <line number="73" hits="1" branch="true" condition-coverage="50% (1/2)"/>
            <line number="75" hits="1"/>
            <line number="78" hits="1"/>
            <line number="79" hits="1" branch="true" condition-coverage="75% (3/4)"/>
            <line number="80" hits="1"/>
            <line number="81" hits="1" branch="true" condition-coverage="50% (2/4)"/>
            <line number="82" hits="0"/>
            <line number="85" hits="1" branch="true" condition-coverage="50% (1/2)"/>
            <line number="86" hits="0"/>
            <line number="90" hits="1" branch="true" condition-coverage="50% (1/2)"/>
            <line number="98" hits="1"/>
            <line number="99" hits="1"/>
            <line number="104" hits="1" branch="true" condition-coverage="50% (1/2)"/>
            <line number="107" hits="1"/>
            <line number="109" hits="1"/>
            <line number="110" hits="1"/>
            <line number="113" hits="0" branch="true" condition-coverage="0% (0/2)"/>
            <line number="114" hits="0"/>
            <line number="115" hits="0"/>
            <line number="116" hits="1" branch="true" condition-coverage="50% (1/2)"/>
            <line number="117" hits="1" branch="true" condition-coverage="50% (1/2)"/>
            <line number="119" hits="0" branch="true" condition-coverage="0% (0/2)"/>
            <line number="123" hits="0"/>
            <line number="124" hits="0"/>
            <line number="126" hits="0"/>
            <line number="129" hits="1"/>
            <line number="130" hits="1"/>
            <line number="131" hits="1"/>
            <line number="133" hits="1"/>
            <line number="135" hits="1"/>
            <line number="139" hits="1"/>
            <line number="140" hits="1"/>
            <line number="141" hits="1"/>
            <line number="147" hits="1"/>
            <line number="150" hits="1"/>
            <line number="172" hits="1"/>
            <line number="173" hits="1"/>
            <line number="178" hits="1"/>
            <line number="181" hits="1"/>
            <line number="182" hits="0" branch="true" condition-coverage="0% (0/2)"/>
            <line number="184" hits="0"/>
            <line number="185" hits="0"/>
            <line number="186" hits="0"/>
            <line number="192" hits="1"/>
            <line number="194" hits="1"/>
            <line number="200" hits="1"/>
            <line number="201" hits="1" branch="true" condition-coverage="50% (1/2)"/>
            <line number="202" hits="0" branch="true" condition-coverage="0% (0/2)"/>
            <line number="203" hits="0" branch="true" condition-coverage="0% (0/2)"/>
            <line number="204" hits="0" branch="true" condition-coverage="0% (0/2)"/>
            <line number="205" hits="1"/>
            <line number="214" hits="1"/>
            <line number="217" hits="1"/>
            <line number="218" hits="1" branch="true" condition-coverage="50% (1/2)"/>
            <line number="220" hits="1" branch="true" condition-coverage="50% (1/2)"/>
            <line number="222" hits="1"/>
            <line number="223" hits="1" branch="true" condition-coverage="50% (1/2)"/>
            <line number="224" hits="1"/>
            <line number="225" hits="1"/>
            <line number="226" hits="0"/>
            <line number="230" hits="1" branch="true" condition-coverage="50% (1/2)"/>
            <line number="231" hits="0"/>
            <line number="236" hits="1" branch="true" condition-coverage="50% (1/2)"/>
            <line number="237" hits="1"/>
            <line number="238" hits="0"/>
            <line number="241" hits="1"/>
            <line number="247" hits="0"/>
            <line number="249" hits="0"/>
            <line number="250" hits="0"/>
            <line number="251" hits="0"/>
            <line number="252" hits="0"/>
            <line number="253" hits="0"/>
            <line number="254" hits="0"/>
            <line number="255" hits="0"/>
            <line number="259" hits="0" branch="true" condition-coverage="0% (0/2)"/>
            <line number="260" hits="0"/>
            <line number="261" hits="0" branch="true" condition-coverage="0% (0/2)"/>
            <line number="262" hits="0" branch="true" condition-coverage="0% (0/2)"/>
            <line number="263" hits="0"/>
            <line number="266" hits="0"/>
            <line number="267" hits="0"/>
            <line number="268" hits="0"/>
            <line number="271" hits="0"/>
            <line number="272" hits="0"/>
            <line number="278" hits="0" branch="true" condition-coverage="0% (0/2)"/>
            <line number="281" hits="0"/>
            <line number="282" hits="0" branch="true" condition-coverage="0% (0/4)"/>
            <line number="283" hits="0" branch="true" condition-coverage="0% (0/2)"/>
            <line number="284" hits="0" branch="true" condition-coverage="0% (0/4)"/>
            <line number="285" hits="0"/>
            <line number="287" hits="0"/>
            <line number="288" hits="0"/>
            <line number="290" hits="0"/>
            <line number="293" hits="0"/>
            <line number="294" hits="0"/>
            <line number="297" hits="0"/>
            <line number="298" hits="0"/>
            <line number="308" hits="0" branch="true" condition-coverage="0% (0/2)"/>
            <line number="314" hits="0"/>
            <line number="315" hits="0"/>
            <line number="316" hits="0"/>
            <line number="319" hits="0" branch="true" condition-coverage="0% (0/4)"/>
            <line number="320" hits="0"/>
            <line number="321" hits="0"/>
            <line number="322" hits="0"/>
            <line number="323" hits="0"/>
            <line number="324" hits="0"/>
            <line number="327" hits="0"/>
            <line number="332" hits="0" branch="true" condition-coverage="0% (0/2)"/>
            <line number="334" hits="0" branch="true" condition-coverage="0% (0/2)"/>
            <line number="335" hits="0"/>
            <line number="337" hits="0"/>
          </lines>
        </class>
      </classes>
    </package>
  </packages>
</coverage>
